<?xml version="1.0" encoding="UTF-8"?>
<testsuite xmlns:xsi="http://www.w3.org/2001/XMLSchema-instance" xsi:noNamespaceSchemaLocation="https://maven.apache.org/surefire/maven-surefire-plugin/xsd/surefire-test-report.xsd" name="hello.HelloWorldConfigurationTests" time="5.26" tests="1" errors="0" skipped="0" failures="0">
  <properties>
    <property name="sun.desktop" value="windows"/>
    <property name="awt.toolkit" value="sun.awt.windows.WToolkit"/>
    <property name="file.encoding.pkg" value="sun.io"/>
    <property name="java.specification.version" value="1.8"/>
    <property name="sun.cpu.isalist" value="amd64"/>
    <property name="sun.jnu.encoding" value="Cp1252"/>
    <property name="java.class.path" value="C:\Users\LENOVOT460P\Desktop\spring-boot\target\test-classes;C:\Users\LENOVOT460P\Desktop\spring-boot\target\classes;C:\opt\.m2\repository_Jetstar\org\springframework\boot\spring-boot-starter-web\2.0.5.RELEASE\spring-boot-starter-web-2.0.5.RELEASE.jar;C:\opt\.m2\repository_Jetstar\org\springframework\boot\spring-boot-starter\2.0.5.RELEASE\spring-boot-starter-2.0.5.RELEASE.jar;C:\opt\.m2\repository_Jetstar\org\springframework\boot\spring-boot\2.0.5.RELEASE\spring-boot-2.0.5.RELEASE.jar;C:\opt\.m2\repository_Jetstar\org\springframework\boot\spring-boot-autoconfigure\2.0.5.RELEASE\spring-boot-autoconfigure-2.0.5.RELEASE.jar;C:\opt\.m2\repository_Jetstar\org\springframework\boot\spring-boot-starter-logging\2.0.5.RELEASE\spring-boot-starter-logging-2.0.5.RELEASE.jar;C:\opt\.m2\repository_Jetstar\ch\qos\logback\logback-classic\1.2.3\logback-classic-1.2.3.jar;C:\opt\.m2\repository_Jetstar\ch\qos\logback\logback-core\1.2.3\logback-core-1.2.3.jar;C:\opt\.m2\repository_Jetstar\org\apache\logging\log4j\log4j-to-slf4j\2.10.0\log4j-to-slf4j-2.10.0.jar;C:\opt\.m2\repository_Jetstar\org\apache\logging\log4j\log4j-api\2.10.0\log4j-api-2.10.0.jar;C:\opt\.m2\repository_Jetstar\org\slf4j\jul-to-slf4j\1.7.25\jul-to-slf4j-1.7.25.jar;C:\opt\.m2\repository_Jetstar\javax\annotation\javax.annotation-api\1.3.2\javax.annotation-api-1.3.2.jar;C:\opt\.m2\repository_Jetstar\org\yaml\snakeyaml\1.19\snakeyaml-1.19.jar;C:\opt\.m2\repository_Jetstar\org\springframework\boot\spring-boot-starter-json\2.0.5.RELEASE\spring-boot-starter-json-2.0.5.RELEASE.jar;C:\opt\.m2\repository_Jetstar\com\fasterxml\jackson\core\jackson-databind\2.9.6\jackson-databind-2.9.6.jar;C:\opt\.m2\repository_Jetstar\com\fasterxml\jackson\core\jackson-annotations\2.9.0\jackson-annotations-2.9.0.jar;C:\opt\.m2\repository_Jetstar\com\fasterxml\jackson\core\jackson-core\2.9.6\jackson-core-2.9.6.jar;C:\opt\.m2\repository_Jetstar\com\fasterxml\jackson\datatype\jackson-datatype-jdk8\2.9.6\jackson-datatype-jdk8-2.9.6.jar;C:\opt\.m2\repository_Jetstar\com\fasterxml\jackson\datatype\jackson-datatype-jsr310\2.9.6\jackson-datatype-jsr310-2.9.6.jar;C:\opt\.m2\repository_Jetstar\com\fasterxml\jackson\module\jackson-module-parameter-names\2.9.6\jackson-module-parameter-names-2.9.6.jar;C:\opt\.m2\repository_Jetstar\org\springframework\boot\spring-boot-starter-tomcat\2.0.5.RELEASE\spring-boot-starter-tomcat-2.0.5.RELEASE.jar;C:\opt\.m2\repository_Jetstar\org\apache\tomcat\embed\tomcat-embed-core\8.5.34\tomcat-embed-core-8.5.34.jar;C:\opt\.m2\repository_Jetstar\org\apache\tomcat\embed\tomcat-embed-el\8.5.34\tomcat-embed-el-8.5.34.jar;C:\opt\.m2\repository_Jetstar\org\apache\tomcat\embed\tomcat-embed-websocket\8.5.34\tomcat-embed-websocket-8.5.34.jar;C:\opt\.m2\repository_Jetstar\org\hibernate\validator\hibernate-validator\6.0.12.Final\hibernate-validator-6.0.12.Final.jar;C:\opt\.m2\repository_Jetstar\javax\validation\validation-api\2.0.1.Final\validation-api-2.0.1.Final.jar;C:\opt\.m2\repository_Jetstar\org\jboss\logging\jboss-logging\3.3.2.Final\jboss-logging-3.3.2.Final.jar;C:\opt\.m2\repository_Jetstar\com\fasterxml\classmate\1.3.4\classmate-1.3.4.jar;C:\opt\.m2\repository_Jetstar\org\springframework\spring-web\5.0.9.RELEASE\spring-web-5.0.9.RELEASE.jar;C:\opt\.m2\repository_Jetstar\org\springframework\spring-beans\5.0.9.RELEASE\spring-beans-5.0.9.RELEASE.jar;C:\opt\.m2\repository_Jetstar\org\springframework\spring-webmvc\5.0.9.RELEASE\spring-webmvc-5.0.9.RELEASE.jar;C:\opt\.m2\repository_Jetstar\org\springframework\spring-aop\5.0.9.RELEASE\spring-aop-5.0.9.RELEASE.jar;C:\opt\.m2\repository_Jetstar\org\springframework\spring-context\5.0.9.RELEASE\spring-context-5.0.9.RELEASE.jar;C:\opt\.m2\repository_Jetstar\org\springframework\spring-expression\5.0.9.RELEASE\spring-expression-5.0.9.RELEASE.jar;C:\opt\.m2\repository_Jetstar\org\springframework\boot\spring-boot-starter-test\2.0.5.RELEASE\spring-boot-starter-test-2.0.5.RELEASE.jar;C:\opt\.m2\repository_Jetstar\org\springframework\boot\spring-boot-test\2.0.5.RELEASE\spring-boot-test-2.0.5.RELEASE.jar;C:\opt\.m2\repository_Jetstar\org\springframework\boot\spring-boot-test-autoconfigure\2.0.5.RELEASE\spring-boot-test-autoconfigure-2.0.5.RELEASE.jar;C:\opt\.m2\repository_Jetstar\com\jayway\jsonpath\json-path\2.4.0\json-path-2.4.0.jar;C:\opt\.m2\repository_Jetstar\net\minidev\json-smart\2.3\json-smart-2.3.jar;C:\opt\.m2\repository_Jetstar\net\minidev\accessors-smart\1.2\accessors-smart-1.2.jar;C:\opt\.m2\repository_Jetstar\org\ow2\asm\asm\5.0.4\asm-5.0.4.jar;C:\opt\.m2\repository_Jetstar\org\slf4j\slf4j-api\1.7.25\slf4j-api-1.7.25.jar;C:\opt\.m2\repository_Jetstar\junit\junit\4.12\junit-4.12.jar;C:\opt\.m2\repository_Jetstar\org\assertj\assertj-core\3.9.1\assertj-core-3.9.1.jar;C:\opt\.m2\repository_Jetstar\org\mockito\mockito-core\2.15.0\mockito-core-2.15.0.jar;C:\opt\.m2\repository_Jetstar\net\bytebuddy\byte-buddy\1.7.11\byte-buddy-1.7.11.jar;C:\opt\.m2\repository_Jetstar\net\bytebuddy\byte-buddy-agent\1.7.11\byte-buddy-agent-1.7.11.jar;C:\opt\.m2\repository_Jetstar\org\objenesis\objenesis\2.6\objenesis-2.6.jar;C:\opt\.m2\repository_Jetstar\org\hamcrest\hamcrest-core\1.3\hamcrest-core-1.3.jar;C:\opt\.m2\repository_Jetstar\org\hamcrest\hamcrest-library\1.3\hamcrest-library-1.3.jar;C:\opt\.m2\repository_Jetstar\org\skyscreamer\jsonassert\1.5.0\jsonassert-1.5.0.jar;C:\opt\.m2\repository_Jetstar\com\vaadin\external\google\android-json\0.0.20131108.vaadin1\android-json-0.0.20131108.vaadin1.jar;C:\opt\.m2\repository_Jetstar\org\springframework\spring-core\5.0.9.RELEASE\spring-core-5.0.9.RELEASE.jar;C:\opt\.m2\repository_Jetstar\org\springframework\spring-jcl\5.0.9.RELEASE\spring-jcl-5.0.9.RELEASE.jar;C:\opt\.m2\repository_Jetstar\org\springframework\spring-test\5.0.9.RELEASE\spring-test-5.0.9.RELEASE.jar;C:\opt\.m2\repository_Jetstar\org\xmlunit\xmlunit-core\2.5.1\xmlunit-core-2.5.1.jar;"/>
    <property name="java.vm.vendor" value="Oracle Corporation"/>
    <property name="sun.arch.data.model" value="64"/>
    <property name="user.variant" value=""/>
    <property name="java.vendor.url" value="http://java.oracle.com/"/>
    <property name="user.timezone" value=""/>
    <property name="java.vm.specification.version" value="1.8"/>
    <property name="os.name" value="Windows 10"/>
    <property name="user.country" value="US"/>
    <property name="sun.java.launcher" value="SUN_STANDARD"/>
    <property name="sun.boot.library.path" value="C:\Program Files\Java\jdk1.8.0_111\jre\bin"/>
    <property name="sun.java.command" value="C:\Users\LENOVO~1\AppData\Local\Temp\surefire8478597960279161262\surefirebooter7287424692982870255.jar C:\Users\LENOVOT460P\AppData\Local\Temp\surefire8478597960279161262 2018-10-19T17-49-29_293-jvmRun1 surefire958735673445421860tmp surefire_05437660593321224802tmp"/>
    <property name="surefire.test.class.path" value="C:\Users\LENOVOT460P\Desktop\spring-boot\target\test-classes;C:\Users\LENOVOT460P\Desktop\spring-boot\target\classes;C:\opt\.m2\repository_Jetstar\org\springframework\boot\spring-boot-starter-web\2.0.5.RELEASE\spring-boot-starter-web-2.0.5.RELEASE.jar;C:\opt\.m2\repository_Jetstar\org\springframework\boot\spring-boot-starter\2.0.5.RELEASE\spring-boot-starter-2.0.5.RELEASE.jar;C:\opt\.m2\repository_Jetstar\org\springframework\boot\spring-boot\2.0.5.RELEASE\spring-boot-2.0.5.RELEASE.jar;C:\opt\.m2\repository_Jetstar\org\springframework\boot\spring-boot-autoconfigure\2.0.5.RELEASE\spring-boot-autoconfigure-2.0.5.RELEASE.jar;C:\opt\.m2\repository_Jetstar\org\springframework\boot\spring-boot-starter-logging\2.0.5.RELEASE\spring-boot-starter-logging-2.0.5.RELEASE.jar;C:\opt\.m2\repository_Jetstar\ch\qos\logback\logback-classic\1.2.3\logback-classic-1.2.3.jar;C:\opt\.m2\repository_Jetstar\ch\qos\logback\logback-core\1.2.3\logback-core-1.2.3.jar;C:\opt\.m2\repository_Jetstar\org\apache\logging\log4j\log4j-to-slf4j\2.10.0\log4j-to-slf4j-2.10.0.jar;C:\opt\.m2\repository_Jetstar\org\apache\logging\log4j\log4j-api\2.10.0\log4j-api-2.10.0.jar;C:\opt\.m2\repository_Jetstar\org\slf4j\jul-to-slf4j\1.7.25\jul-to-slf4j-1.7.25.jar;C:\opt\.m2\repository_Jetstar\javax\annotation\javax.annotation-api\1.3.2\javax.annotation-api-1.3.2.jar;C:\opt\.m2\repository_Jetstar\org\yaml\snakeyaml\1.19\snakeyaml-1.19.jar;C:\opt\.m2\repository_Jetstar\org\springframework\boot\spring-boot-starter-json\2.0.5.RELEASE\spring-boot-starter-json-2.0.5.RELEASE.jar;C:\opt\.m2\repository_Jetstar\com\fasterxml\jackson\core\jackson-databind\2.9.6\jackson-databind-2.9.6.jar;C:\opt\.m2\repository_Jetstar\com\fasterxml\jackson\core\jackson-annotations\2.9.0\jackson-annotations-2.9.0.jar;C:\opt\.m2\repository_Jetstar\com\fasterxml\jackson\core\jackson-core\2.9.6\jackson-core-2.9.6.jar;C:\opt\.m2\repository_Jetstar\com\fasterxml\jackson\datatype\jackson-datatype-jdk8\2.9.6\jackson-datatype-jdk8-2.9.6.jar;C:\opt\.m2\repository_Jetstar\com\fasterxml\jackson\datatype\jackson-datatype-jsr310\2.9.6\jackson-datatype-jsr310-2.9.6.jar;C:\opt\.m2\repository_Jetstar\com\fasterxml\jackson\module\jackson-module-parameter-names\2.9.6\jackson-module-parameter-names-2.9.6.jar;C:\opt\.m2\repository_Jetstar\org\springframework\boot\spring-boot-starter-tomcat\2.0.5.RELEASE\spring-boot-starter-tomcat-2.0.5.RELEASE.jar;C:\opt\.m2\repository_Jetstar\org\apache\tomcat\embed\tomcat-embed-core\8.5.34\tomcat-embed-core-8.5.34.jar;C:\opt\.m2\repository_Jetstar\org\apache\tomcat\embed\tomcat-embed-el\8.5.34\tomcat-embed-el-8.5.34.jar;C:\opt\.m2\repository_Jetstar\org\apache\tomcat\embed\tomcat-embed-websocket\8.5.34\tomcat-embed-websocket-8.5.34.jar;C:\opt\.m2\repository_Jetstar\org\hibernate\validator\hibernate-validator\6.0.12.Final\hibernate-validator-6.0.12.Final.jar;C:\opt\.m2\repository_Jetstar\javax\validation\validation-api\2.0.1.Final\validation-api-2.0.1.Final.jar;C:\opt\.m2\repository_Jetstar\org\jboss\logging\jboss-logging\3.3.2.Final\jboss-logging-3.3.2.Final.jar;C:\opt\.m2\repository_Jetstar\com\fasterxml\classmate\1.3.4\classmate-1.3.4.jar;C:\opt\.m2\repository_Jetstar\org\springframework\spring-web\5.0.9.RELEASE\spring-web-5.0.9.RELEASE.jar;C:\opt\.m2\repository_Jetstar\org\springframework\spring-beans\5.0.9.RELEASE\spring-beans-5.0.9.RELEASE.jar;C:\opt\.m2\repository_Jetstar\org\springframework\spring-webmvc\5.0.9.RELEASE\spring-webmvc-5.0.9.RELEASE.jar;C:\opt\.m2\repository_Jetstar\org\springframework\spring-aop\5.0.9.RELEASE\spring-aop-5.0.9.RELEASE.jar;C:\opt\.m2\repository_Jetstar\org\springframework\spring-context\5.0.9.RELEASE\spring-context-5.0.9.RELEASE.jar;C:\opt\.m2\repository_Jetstar\org\springframework\spring-expression\5.0.9.RELEASE\spring-expression-5.0.9.RELEASE.jar;C:\opt\.m2\repository_Jetstar\org\springframework\boot\spring-boot-starter-test\2.0.5.RELEASE\spring-boot-starter-test-2.0.5.RELEASE.jar;C:\opt\.m2\repository_Jetstar\org\springframework\boot\spring-boot-test\2.0.5.RELEASE\spring-boot-test-2.0.5.RELEASE.jar;C:\opt\.m2\repository_Jetstar\org\springframework\boot\spring-boot-test-autoconfigure\2.0.5.RELEASE\spring-boot-test-autoconfigure-2.0.5.RELEASE.jar;C:\opt\.m2\repository_Jetstar\com\jayway\jsonpath\json-path\2.4.0\json-path-2.4.0.jar;C:\opt\.m2\repository_Jetstar\net\minidev\json-smart\2.3\json-smart-2.3.jar;C:\opt\.m2\repository_Jetstar\net\minidev\accessors-smart\1.2\accessors-smart-1.2.jar;C:\opt\.m2\repository_Jetstar\org\ow2\asm\asm\5.0.4\asm-5.0.4.jar;C:\opt\.m2\repository_Jetstar\org\slf4j\slf4j-api\1.7.25\slf4j-api-1.7.25.jar;C:\opt\.m2\repository_Jetstar\junit\junit\4.12\junit-4.12.jar;C:\opt\.m2\repository_Jetstar\org\assertj\assertj-core\3.9.1\assertj-core-3.9.1.jar;C:\opt\.m2\repository_Jetstar\org\mockito\mockito-core\2.15.0\mockito-core-2.15.0.jar;C:\opt\.m2\repository_Jetstar\net\bytebuddy\byte-buddy\1.7.11\byte-buddy-1.7.11.jar;C:\opt\.m2\repository_Jetstar\net\bytebuddy\byte-buddy-agent\1.7.11\byte-buddy-agent-1.7.11.jar;C:\opt\.m2\repository_Jetstar\org\objenesis\objenesis\2.6\objenesis-2.6.jar;C:\opt\.m2\repository_Jetstar\org\hamcrest\hamcrest-core\1.3\hamcrest-core-1.3.jar;C:\opt\.m2\repository_Jetstar\org\hamcrest\hamcrest-library\1.3\hamcrest-library-1.3.jar;C:\opt\.m2\repository_Jetstar\org\skyscreamer\jsonassert\1.5.0\jsonassert-1.5.0.jar;C:\opt\.m2\repository_Jetstar\com\vaadin\external\google\android-json\0.0.20131108.vaadin1\android-json-0.0.20131108.vaadin1.jar;C:\opt\.m2\repository_Jetstar\org\springframework\spring-core\5.0.9.RELEASE\spring-core-5.0.9.RELEASE.jar;C:\opt\.m2\repository_Jetstar\org\springframework\spring-jcl\5.0.9.RELEASE\spring-jcl-5.0.9.RELEASE.jar;C:\opt\.m2\repository_Jetstar\org\springframework\spring-test\5.0.9.RELEASE\spring-test-5.0.9.RELEASE.jar;C:\opt\.m2\repository_Jetstar\org\xmlunit\xmlunit-core\2.5.1\xmlunit-core-2.5.1.jar;"/>
    <property name="sun.cpu.endian" value="little"/>
    <property name="user.home" value="C:\Users\LENOVOT460P"/>
    <property name="user.language" value="en"/>
    <property name="java.specification.vendor" value="Oracle Corporation"/>
    <property name="java.home" value="C:\Program Files\Java\jdk1.8.0_111\jre"/>
    <property name="basedir" value="C:\Users\LENOVOT460P\Desktop\spring-boot"/>
    <property name="file.separator" value="\"/>
    <property name="line.separator" value="&#10;"/>
    <property name="java.vm.specification.vendor" value="Oracle Corporation"/>
    <property name="java.specification.name" value="Java Platform API Specification"/>
    <property name="java.awt.graphicsenv" value="sun.awt.Win32GraphicsEnvironment"/>
    <property name="surefire.real.class.path" value="C:\Users\LENOVO~1\AppData\Local\Temp\surefire8478597960279161262\surefirebooter7287424692982870255.jar"/>
    <property name="sun.boot.class.path" value="C:\Program Files\Java\jdk1.8.0_111\jre\lib\resources.jar;C:\Program Files\Java\jdk1.8.0_111\jre\lib\rt.jar;C:\Program Files\Java\jdk1.8.0_111\jre\lib\sunrsasign.jar;C:\Program Files\Java\jdk1.8.0_111\jre\lib\jsse.jar;C:\Program Files\Java\jdk1.8.0_111\jre\lib\jce.jar;C:\Program Files\Java\jdk1.8.0_111\jre\lib\charsets.jar;C:\Program Files\Java\jdk1.8.0_111\jre\lib\jfr.jar;C:\Program Files\Java\jdk1.8.0_111\jre\classes"/>
    <property name="user.script" value=""/>
    <property name="sun.management.compiler" value="HotSpot 64-Bit Tiered Compilers"/>
    <property name="java.runtime.version" value="1.8.0_111-b14"/>
    <property name="user.name" value="LENOVOT460P"/>
    <property name="path.separator" value=";"/>
    <property name="os.version" value="10.0"/>
    <property name="java.endorsed.dirs" value="C:\Program Files\Java\jdk1.8.0_111\jre\lib\endorsed"/>
    <property name="java.runtime.name" value="Java(TM) SE Runtime Environment"/>
    <property name="file.encoding" value="Cp1252"/>
    <property name="java.vm.name" value="Java HotSpot(TM) 64-Bit Server VM"/>
    <property name="localRepository" value="C:\opt\.m2\repository_Jetstar"/>
    <property name="java.vendor.url.bug" value="http://bugreport.sun.com/bugreport/"/>
    <property name="java.io.tmpdir" value="C:\Users\LENOVO~1\AppData\Local\Temp\"/>
    <property name="java.version" value="1.8.0_111"/>
    <property name="user.dir" value="C:\Users\LENOVOT460P\Desktop\spring-boot"/>
    <property name="os.arch" value="amd64"/>
    <property name="java.vm.specification.name" value="Java Virtual Machine Specification"/>
    <property name="java.awt.printerjob" value="sun.awt.windows.WPrinterJob"/>
    <property name="sun.os.patch.level" value=""/>
    <property name="java.library.path" value="C:\Program Files\Java\jdk1.8.0_111\jre\bin;C:\WINDOWS\Sun\Java\bin;C:\WINDOWS\system32;C:\WINDOWS;C:\Program Files (x86)\Intel\iCLS Client\;C:\Program Files\Docker\Docker\Resources\bin;C:\Python27\;C:\Python27\Scripts;C:\Program Files\Java\jdk1.8.0_111\bin;C:\Program Files (x86)\IBM\WebSphere MQ\Java\lib;C:\Program Files (x86)\IBM\WebSphere MQ\Java\lib64;C:\Program Files\Intel\iCLS Client\;C:\WINDOWS\system32;C:\WINDOWS;C:\WINDOWS\System32\Wbem;C:\WINDOWS\System32\WindowsPowerShell\v1.0\;C:\Program Files\Intel\WiFi\bin\;C:\ProgramData\Oracle\Java\javapath;C:\Program Files\Common Files\Intel\WirelessCommon\;C:\Program Files\Lenovo\Touch Fingerprint Software\;C:\Program Files (x86)\Common Files\Lenovo;C:\ProgramData\Lenovo\ReadyApps;D:\maven\bin;C:\Program Files (x86)\IBM\WebSphere MQ\bin64;C:\Program Files (x86)\IBM\WebSphere MQ\bin;C:\Pro;C:\ProgramData\chocolatey\bin;C:\wamp64\bin\php\php7.2.4;C:\ProgramData\ComposerSetup\bin;C:\Program Files (x86)\Intel\Intel(R) Management Engine Components\DAL;C:\Program Files\Intel\Intel(R) Management Engine Components\DAL;C:\Program Files (x86)\SSH Communications Security\SSH Secure Shell;C:\Users\LENOVOT460P\AppData\Local\Microsoft\WindowsApps;C:\Users\LENOVOT460P\AppData\Local\atom\bin;D:\PythonPlugin;C:\Users\LENOVOT460P\AppData\Local\Microsoft\WindowsApps;C:\Program Files\Microsoft VS Code\bin;C:\Users\LENOVOT460P\AppData\Roaming\npm;C:\;C:\Users\LENOVOT460P\AppData\Roaming\Composer\vendor\bin;."/>
    <property name="java.vm.info" value="mixed mode"/>
    <property name="java.vendor" value="Oracle Corporation"/>
    <property name="java.vm.version" value="25.111-b14"/>
    <property name="java.ext.dirs" value="C:\Program Files\Java\jdk1.8.0_111\jre\lib\ext;C:\WINDOWS\Sun\Java\lib\ext"/>
    <property name="sun.io.unicode.encoding" value="UnicodeLittle"/>
    <property name="java.class.version" value="52.0"/>
  </properties>
  <testcase name="testGreeting" classname="hello.HelloWorldConfigurationTests" time="0.26"/>
</testsuite>